This file contains any messages produced by compilers while
running configure, to aid debugging if configure makes a mistake.

It was created by configure, which was
generated by GNU Autoconf 2.69.  Invocation command line was

  $ ./configure 

## --------- ##
## Platform. ##
## --------- ##

hostname = localhost.localdomain
uname -m = x86_64
uname -r = 2.6.32-642.13.1.el6.x86_64
uname -s = Linux
uname -v = #1 SMP Wed Jan 11 20:56:24 UTC 2017

/usr/bin/uname -p = unknown
/bin/uname -X     = unknown

/bin/arch              = x86_64
/usr/bin/arch -k       = unknown
/usr/convex/getsysinfo = unknown
/usr/bin/hostinfo      = unknown
/bin/machine           = unknown
/usr/bin/oslevel       = unknown
/bin/universe          = unknown

PATH: /usr/local/sbin
PATH: /usr/local/bin
PATH: /sbin
PATH: /bin
PATH: /usr/sbin
PATH: /usr/bin
PATH: /root/bin
PATH: /usr/local/go/bin
PATH: /usr/local/php/bin
PATH: /root/.composer/vendor/bin


## ----------- ##
## Core tests. ##
## ----------- ##

configure:2320: checking for grep that handles long lines and -e
configure:2378: result: /bin/grep
configure:2383: checking for egrep
configure:2445: result: /bin/grep -E
configure:2450: checking for a sed that does not truncate output
configure:2504: result: /bin/sed
configure:2641: checking for cc
configure:2657: found /usr/bin/cc
configure:2668: result: cc
configure:2699: checking for C compiler version
configure:2708: cc --version >&5
cc (GCC) 4.4.7 20120313 (Red Hat 4.4.7-17)
Copyright (C) 2010 Free Software Foundation, Inc.
This is free software; see the source for copying conditions.  There is NO
warranty; not even for MERCHANTABILITY or FITNESS FOR A PARTICULAR PURPOSE.

configure:2719: $? = 0
configure:2708: cc -v >&5
Using built-in specs.
Target: x86_64-redhat-linux
Configured with: ../configure --prefix=/usr --mandir=/usr/share/man --infodir=/usr/share/info --with-bugurl=http://bugzilla.redhat.com/bugzilla --enable-bootstrap --enable-shared --enable-threads=posix --enable-checking=release --with-system-zlib --enable-__cxa_atexit --disable-libunwind-exceptions --enable-gnu-unique-object --enable-languages=c,c++,objc,obj-c++,java,fortran,ada --enable-java-awt=gtk --disable-dssi --with-java-home=/usr/lib/jvm/java-1.5.0-gcj-1.5.0.0/jre --enable-libgcj-multifile --enable-java-maintainer-mode --with-ecj-jar=/usr/share/java/eclipse-ecj.jar --disable-libjava-multilib --with-ppl --with-cloog --with-tune=generic --with-arch_32=i686 --build=x86_64-redhat-linux
Thread model: posix
gcc version 4.4.7 20120313 (Red Hat 4.4.7-17) (GCC) 
configure:2719: $? = 0
configure:2708: cc -V >&5
cc: '-V' option must have argument
configure:2719: $? = 1
configure:2708: cc -qversion >&5
cc: unrecognized option '-qversion'
cc: no input files
configure:2719: $? = 1
configure:2739: checking whether the C compiler works
configure:2761: cc    conftest.c  >&5
configure:2765: $? = 0
configure:2813: result: yes
configure:2816: checking for C compiler default output file name
configure:2818: result: a.out
configure:2824: checking for suffix of executables
configure:2831: cc -o conftest    conftest.c  >&5
configure:2835: $? = 0
configure:2857: result: 
configure:2879: checking whether we are cross compiling
configure:2887: cc -o conftest    conftest.c  >&5
configure:2891: $? = 0
configure:2898: ./conftest
configure:2902: $? = 0
configure:2917: result: no
configure:2922: checking for suffix of object files
configure:2944: cc -c   conftest.c >&5
configure:2948: $? = 0
configure:2969: result: o
configure:2973: checking whether we are using the GNU C compiler
configure:2992: cc -c   conftest.c >&5
configure:2992: $? = 0
configure:3001: result: yes
configure:3010: checking whether cc accepts -g
configure:3030: cc -c -g  conftest.c >&5
configure:3030: $? = 0
configure:3071: result: yes
configure:3088: checking for cc option to accept ISO C89
configure:3151: cc  -c -g -O2  conftest.c >&5
configure:3151: $? = 0
configure:3164: result: none needed
configure:3190: checking how to run the C preprocessor
configure:3221: cc -E  conftest.c
configure:3221: $? = 0
configure:3235: cc -E  conftest.c
conftest.c:9:28: error: ac_nonexistent.h: No such file or directory
configure:3235: $? = 1
configure: failed program was:
| /* confdefs.h */
| #define PACKAGE_NAME ""
| #define PACKAGE_TARNAME ""
| #define PACKAGE_VERSION ""
| #define PACKAGE_STRING ""
| #define PACKAGE_BUGREPORT ""
| #define PACKAGE_URL ""
| /* end confdefs.h.  */
| #include <ac_nonexistent.h>
configure:3260: result: cc -E
configure:3280: cc -E  conftest.c
configure:3280: $? = 0
configure:3294: cc -E  conftest.c
conftest.c:9:28: error: ac_nonexistent.h: No such file or directory
configure:3294: $? = 1
configure: failed program was:
| /* confdefs.h */
| #define PACKAGE_NAME ""
| #define PACKAGE_TARNAME ""
| #define PACKAGE_VERSION ""
| #define PACKAGE_STRING ""
| #define PACKAGE_BUGREPORT ""
| #define PACKAGE_URL ""
| /* end confdefs.h.  */
| #include <ac_nonexistent.h>
configure:3325: checking for icc
configure:3334: result: no
configure:3348: checking for suncc
configure:3357: result: no
configure:3375: checking whether cc understands -c and -o together
configure:3403: cc -c conftest.c -o conftest2.o >&5
configure:3407: $? = 0
configure:3413: cc -c conftest.c -o conftest2.o >&5
configure:3417: $? = 0
configure:3472: result: yes
configure:3486: checking for system library directory
configure:3501: result: lib
configure:3508: checking if compiler supports -R
configure:3527: cc -o conftest -g -O2   conftest.c -R /usr/lib  >&5
cc: unrecognized option '-R'
/usr/lib: file not recognized: Is a directory
collect2: ld returned 1 exit status
configure:3527: $? = 1
configure: failed program was:
| /* confdefs.h */
| #define PACKAGE_NAME ""
| #define PACKAGE_TARNAME ""
| #define PACKAGE_VERSION ""
| #define PACKAGE_STRING ""
| #define PACKAGE_BUGREPORT ""
| #define PACKAGE_URL ""
| /* end confdefs.h.  */
| 
| int
| main ()
| {
| 
|   ;
|   return 0;
| }
configure:3537: result: no
configure:3542: checking if compiler supports -Wl,-rpath,
configure:3561: cc -o conftest -g -O2   conftest.c -Wl,-rpath,/usr/lib  >&5
configure:3561: $? = 0
configure:3571: result: yes
configure:3616: checking build system type
configure:3630: result: x86_64-unknown-linux-gnu
configure:3650: checking host system type
configure:3663: result: x86_64-unknown-linux-gnu
configure:3683: checking target system type
configure:3696: result: x86_64-unknown-linux-gnu
configure:3799: checking for PHP prefix
configure:3801: result: /usr/local/php
configure:3803: checking for PHP includes
configure:3805: result: -I/usr/local/php/include/php -I/usr/local/php/include/php/main -I/usr/local/php/include/php/TSRM -I/usr/local/php/include/php/Zend -I/usr/local/php/include/php/ext -I/usr/local/php/include/php/ext/date/lib
configure:3807: checking for PHP extension directory
configure:3809: result: /usr/local/php/lib/php/extensions/no-debug-non-zts-20151012
configure:3811: checking for PHP installed headers prefix
configure:3813: result: /usr/local/php/include/php
configure:3816: checking if debug is enabled
configure:3842: result: no
configure:3845: checking if zts is enabled
configure:3871: result: no
configure:3942: checking for re2c
configure:3972: result: no
configure:3997: WARNING: You will need re2c 0.13.4 or later if you want to regenerate PHP parsers.
configure:4011: checking for gawk
configure:4028: found /bin/gawk
configure:4039: result: gawk
configure:4084: checking whether to enable swoole debug
configure:4098: result: no
configure:4107: checking enable sockets support
configure:4121: result: no
configure:4130: checking enable ringbuffer shared memory pool support
configure:4144: result: no
configure:4153: checking enable async_redis support
configure:4167: result: no
configure:4176: checking enable openssl support
configure:4190: result: no
configure:4199: checking enable http2.0 support
configure:4213: result: no
configure:4222: checking enable thread support
configure:4236: result: no
configure:4245: checking enable jemalloc support
configure:4259: result: no
configure:4268: checking enable tcmalloc support
configure:4282: result: no
configure:4291: checking enable hugepage support
configure:4305: result: no
configure:4314: checking swoole support
configure:4353: result: yes, shared
configure:4362: checking swoole support
configure:4402: result: yes, shared
configure:4411: checking for OpenSSL support
configure:4426: result: no
configure:4438: checking if compiling with clang
configure:4456: cc -c -g -O2  conftest.c >&5
conftest.c: In function 'main':
conftest.c:16: error: 'not' undeclared (first use in this function)
conftest.c:16: error: (Each undeclared identifier is reported only once
conftest.c:16: error: for each function it appears in.)
conftest.c:16: error: expected ';' before 'clang'
configure:4456: $? = 1
configure: failed program was:
| /* confdefs.h */
| #define PACKAGE_NAME ""
| #define PACKAGE_TARNAME ""
| #define PACKAGE_VERSION ""
| #define PACKAGE_STRING ""
| #define PACKAGE_BUGREPORT ""
| #define PACKAGE_URL ""
| /* end confdefs.h.  */
| 
| 
| int
| main ()
| {
| 
|         #ifndef __clang__
|             not clang
|         #endif
| 
|   ;
|   return 0;
| }
configure:4463: result: no
configure:4532: checking for cpu affinity
configure:4550: cc -c -g -O2  conftest.c >&5
configure:4550: $? = 0
configure:4555: result: yes
configure:4567: checking for socket REUSEPORT
configure:4585: cc -c -g -O2  conftest.c >&5
configure:4585: $? = 0
configure:4590: result: yes
configure:4649: checking for clock_gettime in -lrt
configure:4674: cc -o conftest -Wall -pthread -g -O2   -lpthread conftest.c -lrt   >&5
configure:4674: $? = 0
configure:4683: result: yes
configure:4986: checking for accept4 in -lc
configure:5011: cc -o conftest -Wall -pthread -g -O2   -lpthread conftest.c -lc   >&5
configure:5011: $? = 0
configure:5020: result: yes
configure:5028: checking for signalfd in -lc
configure:5053: cc -o conftest -Wall -pthread -g -O2   -lpthread conftest.c -lc   >&5
configure:5053: $? = 0
configure:5062: result: yes
configure:5070: checking for timerfd_create in -lc
configure:5095: cc -o conftest -Wall -pthread -g -O2   -lpthread conftest.c -lc   >&5
configure:5095: $? = 0
configure:5104: result: yes
configure:5112: checking for eventfd in -lc
configure:5137: cc -o conftest -Wall -pthread -g -O2   -lpthread conftest.c -lc   >&5
configure:5137: $? = 0
configure:5146: result: yes
configure:5154: checking for epoll_create in -lc
configure:5179: cc -o conftest -Wall -pthread -g -O2   -lpthread conftest.c -lc   >&5
configure:5179: $? = 0
configure:5188: result: yes
configure:5196: checking for poll in -lc
configure:5221: cc -o conftest -Wall -pthread -g -O2   -lpthread conftest.c -lc   >&5
configure:5221: $? = 0
configure:5230: result: yes
configure:5238: checking for sendfile in -lc
configure:5263: cc -o conftest -Wall -pthread -g -O2   -lpthread conftest.c -lc   >&5
configure:5263: $? = 0
configure:5272: result: yes
configure:5280: checking for kqueue in -lc
configure:5305: cc -o conftest -Wall -pthread -g -O2   -lpthread conftest.c -lc   >&5
/tmp/ccc3twKh.o: In function `main':
/root/php/swoole/conftest.c:30: undefined reference to `kqueue'
collect2: ld returned 1 exit status
configure:5305: $? = 1
configure: failed program was:
| /* confdefs.h */
| #define PACKAGE_NAME ""
| #define PACKAGE_TARNAME ""
| #define PACKAGE_VERSION ""
| #define PACKAGE_STRING ""
| #define PACKAGE_BUGREPORT ""
| #define PACKAGE_URL ""
| #define HAVE_CPU_AFFINITY 1
| #define HAVE_REUSEPORT 1
| #define HAVE_CLOCK_GETTIME 1
| #define HAVE_ACCEPT4 1
| #define HAVE_SIGNALFD 1
| #define HAVE_TIMERFD 1
| #define HAVE_EVENTFD 1
| #define HAVE_EPOLL 1
| #define HAVE_POLL 1
| #define HAVE_SENDFILE 1
| /* end confdefs.h.  */
| 
| /* Override any GCC internal prototype to avoid an error.
|    Use char because int might match the return type of a GCC
|    builtin and then its argument prototype would still apply.  */
| #ifdef __cplusplus
| extern "C"
| #endif
| char kqueue ();
| int
| main ()
| {
| return kqueue ();
|   ;
|   return 0;
| }
configure:5314: result: no
configure:5322: checking for backtrace in -lc
configure:5347: cc -o conftest -Wall -pthread -g -O2   -lpthread conftest.c -lc   >&5
configure:5347: $? = 0
configure:5356: result: yes
configure:5364: checking for daemon in -lc
configure:5389: cc -o conftest -Wall -pthread -g -O2   -lpthread conftest.c -lc   >&5
configure:5389: $? = 0
configure:5398: result: yes
configure:5406: checking for mkostemp in -lc
configure:5431: cc -o conftest -Wall -pthread -g -O2   -lpthread conftest.c -lc   >&5
configure:5431: $? = 0
configure:5440: result: yes
configure:5448: checking for inotify_init in -lc
configure:5473: cc -o conftest -Wall -pthread -g -O2   -lpthread conftest.c -lc   >&5
configure:5473: $? = 0
configure:5482: result: yes
configure:5490: checking for inotify_init1 in -lc
configure:5515: cc -o conftest -Wall -pthread -g -O2   -lpthread conftest.c -lc   >&5
configure:5515: $? = 0
configure:5524: result: yes
configure:5532: checking for pthread_rwlock_init in -lpthread
configure:5557: cc -o conftest -Wall -pthread -g -O2   -lpthread conftest.c -lpthread   >&5
configure:5557: $? = 0
configure:5566: result: yes
configure:5574: checking for pthread_spin_lock in -lpthread
configure:5599: cc -o conftest -Wall -pthread -g -O2   -lpthread conftest.c -lpthread   >&5
configure:5599: $? = 0
configure:5608: result: yes
configure:5616: checking for pthread_mutex_timedlock in -lpthread
configure:5641: cc -o conftest -Wall -pthread -g -O2   -lpthread conftest.c -lpthread   >&5
configure:5641: $? = 0
configure:5650: result: yes
configure:5658: checking for pthread_barrier_init in -lpthread
configure:5683: cc -o conftest -Wall -pthread -g -O2   -lpthread conftest.c -lpthread   >&5
configure:5683: $? = 0
configure:5692: result: yes
configure:5700: checking for SSL_library_init in -lssl
configure:5725: cc -o conftest -Wall -pthread -g -O2   -lpthread conftest.c -lssl   >&5
configure:5725: $? = 0
configure:5734: result: yes
configure:5742: checking for pcre_compile in -lpcre
configure:5767: cc -o conftest -Wall -pthread -g -O2   -lpthread conftest.c -lpcre   >&5
configure:5767: $? = 0
configure:5776: result: yes
configure:5784: checking for redisConnect in -lhiredis
configure:5809: cc -o conftest -Wall -pthread -g -O2   -lpthread conftest.c -lhiredis   >&5
/usr/bin/ld: cannot find -lhiredis
collect2: ld returned 1 exit status
configure:5809: $? = 1
configure: failed program was:
| /* confdefs.h */
| #define PACKAGE_NAME ""
| #define PACKAGE_TARNAME ""
| #define PACKAGE_VERSION ""
| #define PACKAGE_STRING ""
| #define PACKAGE_BUGREPORT ""
| #define PACKAGE_URL ""
| #define HAVE_CPU_AFFINITY 1
| #define HAVE_REUSEPORT 1
| #define HAVE_CLOCK_GETTIME 1
| #define HAVE_ACCEPT4 1
| #define HAVE_SIGNALFD 1
| #define HAVE_TIMERFD 1
| #define HAVE_EVENTFD 1
| #define HAVE_EPOLL 1
| #define HAVE_POLL 1
| #define HAVE_SENDFILE 1
| #define HAVE_EXECINFO 1
| #define HAVE_DAEMON 1
| #define HAVE_MKOSTEMP 1
| #define HAVE_INOTIFY 1
| #define HAVE_INOTIFY_INIT1 1
| #define HAVE_RWLOCK 1
| #define HAVE_SPINLOCK 1
| #define HAVE_MUTEX_TIMEDLOCK 1
| #define HAVE_PTHREAD_BARRIER 1
| #define HAVE_OPENSSL 1
| #define HAVE_PCRE 1
| /* end confdefs.h.  */
| 
| /* Override any GCC internal prototype to avoid an error.
|    Use char because int might match the return type of a GCC
|    builtin and then its argument prototype would still apply.  */
| #ifdef __cplusplus
| extern "C"
| #endif
| char redisConnect ();
| int
| main ()
| {
| return redisConnect ();
|   ;
|   return 0;
| }
configure:5818: result: no
configure:5826: checking for nghttp2_hd_inflate_new in -lnghttp2
configure:5851: cc -o conftest -Wall -pthread -g -O2   -lpthread conftest.c -lnghttp2   >&5
/usr/bin/ld: cannot find -lnghttp2
collect2: ld returned 1 exit status
configure:5851: $? = 1
configure: failed program was:
| /* confdefs.h */
| #define PACKAGE_NAME ""
| #define PACKAGE_TARNAME ""
| #define PACKAGE_VERSION ""
| #define PACKAGE_STRING ""
| #define PACKAGE_BUGREPORT ""
| #define PACKAGE_URL ""
| #define HAVE_CPU_AFFINITY 1
| #define HAVE_REUSEPORT 1
| #define HAVE_CLOCK_GETTIME 1
| #define HAVE_ACCEPT4 1
| #define HAVE_SIGNALFD 1
| #define HAVE_TIMERFD 1
| #define HAVE_EVENTFD 1
| #define HAVE_EPOLL 1
| #define HAVE_POLL 1
| #define HAVE_SENDFILE 1
| #define HAVE_EXECINFO 1
| #define HAVE_DAEMON 1
| #define HAVE_MKOSTEMP 1
| #define HAVE_INOTIFY 1
| #define HAVE_INOTIFY_INIT1 1
| #define HAVE_RWLOCK 1
| #define HAVE_SPINLOCK 1
| #define HAVE_MUTEX_TIMEDLOCK 1
| #define HAVE_PTHREAD_BARRIER 1
| #define HAVE_OPENSSL 1
| #define HAVE_PCRE 1
| /* end confdefs.h.  */
| 
| /* Override any GCC internal prototype to avoid an error.
|    Use char because int might match the return type of a GCC
|    builtin and then its argument prototype would still apply.  */
| #ifdef __cplusplus
| extern "C"
| #endif
| char nghttp2_hd_inflate_new ();
| int
| main ()
| {
| return nghttp2_hd_inflate_new ();
|   ;
|   return 0;
| }
configure:5860: result: no
configure:5869: checking for gzgets in -lz
configure:5894: cc -o conftest -Wall -pthread -g -O2   -lpthread conftest.c -lz   >&5
configure:5894: $? = 0
configure:5903: result: yes
configure:6534: checking for ld used by cc
configure:6601: result: /usr/bin/ld
configure:6608: checking if the linker (/usr/bin/ld) is GNU ld
configure:6623: result: yes
configure:6628: checking for /usr/bin/ld option to reload object files
configure:6635: result: -r
configure:6653: checking for BSD-compatible nm
configure:6702: result: /usr/bin/nm -B
configure:6706: checking whether ln -s works
configure:6710: result: yes
configure:6717: checking how to recognize dependent libraries
configure:6903: result: pass_all
configure:6988: cc -c -Wall -pthread -g -O2  conftest.c >&5
configure:6991: $? = 0
configure:7121: checking for ANSI C header files
configure:7141: cc -c -Wall -pthread -g -O2  conftest.c >&5
configure:7141: $? = 0
configure:7214: cc -o conftest -Wall -pthread -g -O2   -lpthread conftest.c  >&5
configure:7214: $? = 0
configure:7214: ./conftest
configure:7214: $? = 0
configure:7225: result: yes
configure:7238: checking for sys/types.h
configure:7238: cc -c -Wall -pthread -g -O2  conftest.c >&5
configure:7238: $? = 0
configure:7238: result: yes
configure:7238: checking for sys/stat.h
configure:7238: cc -c -Wall -pthread -g -O2  conftest.c >&5
configure:7238: $? = 0
configure:7238: result: yes
configure:7238: checking for stdlib.h
configure:7238: cc -c -Wall -pthread -g -O2  conftest.c >&5
configure:7238: $? = 0
configure:7238: result: yes
configure:7238: checking for string.h
configure:7238: cc -c -Wall -pthread -g -O2  conftest.c >&5
configure:7238: $? = 0
configure:7238: result: yes
configure:7238: checking for memory.h
configure:7238: cc -c -Wall -pthread -g -O2  conftest.c >&5
configure:7238: $? = 0
configure:7238: result: yes
configure:7238: checking for strings.h
configure:7238: cc -c -Wall -pthread -g -O2  conftest.c >&5
configure:7238: $? = 0
configure:7238: result: yes
configure:7238: checking for inttypes.h
configure:7238: cc -c -Wall -pthread -g -O2  conftest.c >&5
configure:7238: $? = 0
configure:7238: result: yes
configure:7238: checking for stdint.h
configure:7238: cc -c -Wall -pthread -g -O2  conftest.c >&5
configure:7238: $? = 0
configure:7238: result: yes
configure:7238: checking for unistd.h
configure:7238: cc -c -Wall -pthread -g -O2  conftest.c >&5
configure:7238: $? = 0
configure:7238: result: yes
configure:7252: checking dlfcn.h usability
configure:7252: cc -c -Wall -pthread -g -O2  conftest.c >&5
configure:7252: $? = 0
configure:7252: result: yes
configure:7252: checking dlfcn.h presence
configure:7252: cc -E  conftest.c
configure:7252: $? = 0
configure:7252: result: yes
configure:7252: checking for dlfcn.h
configure:7252: result: yes
configure:7274: checking the maximum length of command line arguments
configure:7386: result: 1966080
configure:7398: checking command to parse /usr/bin/nm -B output from cc object
configure:7503: cc -c -Wall -pthread -g -O2  conftest.c >&5
configure:7506: $? = 0
configure:7510: /usr/bin/nm -B conftest.o \| sed -n -e 's/^.*[ 	]\([ABCDGIRSTW][ABCDGIRSTW]*\)[ 	][ 	]*\([_A-Za-z][_A-Za-z0-9]*\)$/\1 \2 \2/p' \> conftest.nm
configure:7513: $? = 0
configure:7565: cc -o conftest -Wall -pthread -g -O2   -lpthread conftest.c conftstm.o >&5
configure:7568: $? = 0
configure:7606: result: ok
configure:7610: checking for objdir
configure:7625: result: .libs
configure:7717: checking for ar
configure:7733: found /usr/bin/ar
configure:7744: result: ar
configure:7809: checking for ranlib
configure:7825: found /usr/bin/ranlib
configure:7836: result: ranlib
configure:7901: checking for strip
configure:7917: found /usr/bin/strip
configure:7928: result: strip
configure:8497: checking if cc supports -fno-rtti -fno-exceptions
configure:8515: cc -c -Wall -pthread -g -O2  -fno-rtti -fno-exceptions conftest.c >&5
cc1: warning: command line option "-fno-rtti" is valid for C++/ObjC++ but not for C
configure:8519: $? = 0
configure:8532: result: no
configure:8547: checking for cc option to produce PIC
configure:8787: result: -fPIC
configure:8795: checking if cc PIC flag -fPIC works
configure:8813: cc -c -Wall -pthread -g -O2  -fPIC -DPIC conftest.c >&5
configure:8817: $? = 0
configure:8830: result: yes
configure:8858: checking if cc static flag -static works
configure:8886: result: no
configure:8896: checking if cc supports -c -o file.o
configure:8917: cc -c -Wall -pthread -g -O2  -o out/conftest2.o conftest.c >&5
configure:8921: $? = 0
configure:8943: result: yes
configure:8969: checking whether the cc linker (/usr/bin/ld -m elf_x86_64) supports shared libraries
configure:9897: result: yes
configure:9918: checking whether -lc should be explicitly linked in
configure:9923: cc -c -Wall -pthread -g -O2  conftest.c >&5
configure:9926: $? = 0
configure:9941: cc -shared conftest.o  -v -Wl,-soname -Wl,conftest -o conftest 2\>\&1 \| grep  -lc  \>/dev/null 2\>\&1
configure:9944: $? = 0
configure:9956: result: no
configure:9964: checking dynamic linker characteristics
configure:10562: result: GNU/Linux ld.so
configure:10586: checking how to hardcode library paths into programs
configure:10611: result: immediate
configure:10625: checking whether stripping libraries is possible
configure:10630: result: yes
configure:11147: checking if libtool supports shared libraries
configure:11149: result: yes
configure:11152: checking whether to build shared libraries
configure:11173: result: yes
configure:11176: checking whether to build static libraries
configure:11180: result: no
configure:11275: result:
creating libtool
configure:14974: creating ./config.status

## ---------------------- ##
## Running config.status. ##
## ---------------------- ##

This file was extended by config.status, which was
generated by GNU Autoconf 2.69.  Invocation command line was

  CONFIG_FILES    = 
  CONFIG_HEADERS  = 
  CONFIG_LINKS    = 
  CONFIG_COMMANDS = 
  $ ./config.status 

on localhost.localdomain

config.status:698: creating config.h

## ---------------- ##
## Cache variables. ##
## ---------------- ##

ac_cv_build=x86_64-unknown-linux-gnu
ac_cv_c_compiler_gnu=yes
ac_cv_env_CC_set=
ac_cv_env_CC_value=
ac_cv_env_CFLAGS_set=
ac_cv_env_CFLAGS_value=
ac_cv_env_CPPFLAGS_set=
ac_cv_env_CPPFLAGS_value=
ac_cv_env_CPP_set=
ac_cv_env_CPP_value=
ac_cv_env_LDFLAGS_set=
ac_cv_env_LDFLAGS_value=
ac_cv_env_LIBS_set=
ac_cv_env_LIBS_value=
ac_cv_env_build_alias_set=
ac_cv_env_build_alias_value=
ac_cv_env_host_alias_set=
ac_cv_env_host_alias_value=
ac_cv_env_target_alias_set=
ac_cv_env_target_alias_value=
ac_cv_header_dlfcn_h=yes
ac_cv_header_inttypes_h=yes
ac_cv_header_memory_h=yes
ac_cv_header_stdc=yes
ac_cv_header_stdint_h=yes
ac_cv_header_stdlib_h=yes
ac_cv_header_string_h=yes
ac_cv_header_strings_h=yes
ac_cv_header_sys_stat_h=yes
ac_cv_header_sys_types_h=yes
ac_cv_header_unistd_h=yes
ac_cv_host=x86_64-unknown-linux-gnu
ac_cv_lib_c_accept4=yes
ac_cv_lib_c_backtrace=yes
ac_cv_lib_c_daemon=yes
ac_cv_lib_c_epoll_create=yes
ac_cv_lib_c_eventfd=yes
ac_cv_lib_c_inotify_init1=yes
ac_cv_lib_c_inotify_init=yes
ac_cv_lib_c_kqueue=no
ac_cv_lib_c_mkostemp=yes
ac_cv_lib_c_poll=yes
ac_cv_lib_c_sendfile=yes
ac_cv_lib_c_signalfd=yes
ac_cv_lib_c_timerfd_create=yes
ac_cv_lib_hiredis_redisConnect=no
ac_cv_lib_nghttp2_nghttp2_hd_inflate_new=no
ac_cv_lib_pcre_pcre_compile=yes
ac_cv_lib_pthread_pthread_barrier_init=yes
ac_cv_lib_pthread_pthread_mutex_timedlock=yes
ac_cv_lib_pthread_pthread_rwlock_init=yes
ac_cv_lib_pthread_pthread_spin_lock=yes
ac_cv_lib_rt_clock_gettime=yes
ac_cv_lib_ssl_SSL_library_init=yes
ac_cv_lib_z_gzgets=yes
ac_cv_objext=o
ac_cv_path_EGREP='/bin/grep -E'
ac_cv_path_GREP=/bin/grep
ac_cv_prog_AWK=gawk
ac_cv_prog_CPP='cc -E'
ac_cv_prog_ac_ct_AR=ar
ac_cv_prog_ac_ct_CC=cc
ac_cv_prog_ac_ct_RANLIB=ranlib
ac_cv_prog_ac_ct_STRIP=strip
ac_cv_prog_cc_c89=
ac_cv_prog_cc_cc_c_o=yes
ac_cv_prog_cc_g=yes
ac_cv_target=x86_64-unknown-linux-gnu
lt_cv_deplibs_check_method=pass_all
lt_cv_file_magic_cmd='$MAGIC_CMD'
lt_cv_file_magic_test_file=
lt_cv_ld_reload_flag=-r
lt_cv_objdir=.libs
lt_cv_path_LD=/usr/bin/ld
lt_cv_path_NM='/usr/bin/nm -B'
lt_cv_path_SED=/bin/sed
lt_cv_prog_compiler_c_o=yes
lt_cv_prog_compiler_pic_works=yes
lt_cv_prog_compiler_rtti_exceptions=no
lt_cv_prog_compiler_static_works=no
lt_cv_prog_gnu_ld=yes
lt_cv_sys_global_symbol_pipe='sed -n -e '\''s/^.*[ 	]\([ABCDGIRSTW][ABCDGIRSTW]*\)[ 	][ 	]*\([_A-Za-z][_A-Za-z0-9]*\)$/\1 \2 \2/p'\'''
lt_cv_sys_global_symbol_to_c_name_address='sed -n -e '\''s/^: \([^ ]*\) $/  {\"\1\", (lt_ptr) 0},/p'\'' -e '\''s/^[BCDEGRST] \([^ ]*\) \([^ ]*\)$/  {"\2", (lt_ptr) \&\2},/p'\'''
lt_cv_sys_global_symbol_to_cdecl='sed -n -e '\''s/^. .* \(.*\)$/extern int \1;/p'\'''
lt_cv_sys_lib_dlsearch_path_spec='/lib /usr/lib /usr/lib64/mysql /usr/lib/vmware-tools/lib32/libvmGuestLib.so /usr/lib/vmware-tools/lib64/libvmGuestLib.so /usr/lib/vmware-tools/lib32/libvmGuestLibJava.so /usr/lib/vmware-tools/lib64/libvmGuestLibJava.so /usr/lib/vmware-tools/lib32/libDeployPkg.so /usr/lib/vmware-tools/lib64/libDeployPkg.so /usr/lib64/xulrunner '
lt_cv_sys_lib_search_path_spec='/usr/lib/gcc/x86_64-redhat-linux/4.4.7 /usr/lib64 /lib64'
lt_cv_sys_max_cmd_len=1966080
lt_lt_cv_prog_compiler_c_o='"yes"'
lt_lt_cv_sys_global_symbol_pipe='"sed -n -e '\''s/^.*[ 	]\\([ABCDGIRSTW][ABCDGIRSTW]*\\)[ 	][ 	]*\\([_A-Za-z][_A-Za-z0-9]*\\)\$/\\1 \\2 \\2/p'\''"'
lt_lt_cv_sys_global_symbol_to_c_name_address='"sed -n -e '\''s/^: \\([^ ]*\\) \$/  {\\\"\\1\\\", (lt_ptr) 0},/p'\'' -e '\''s/^[BCDEGRST] \\([^ ]*\\) \\([^ ]*\\)\$/  {\"\\2\", (lt_ptr) \\&\\2},/p'\''"'
lt_lt_cv_sys_global_symbol_to_cdecl='"sed -n -e '\''s/^. .* \\(.*\\)\$/extern int \\1;/p'\''"'
php_cv_cc_dashr=no
php_cv_cc_rpath=yes

## ----------------- ##
## Output variables. ##
## ----------------- ##

AR='ar'
AWK='gawk'
CC='cc'
CFLAGS='-Wall -pthread -g -O2'
CONFIGURE_COMMAND=' '\''./configure'\'' '
CONFIGURE_OPTIONS=''
CPP='cc -E'
CPPFLAGS=' -DHAVE_CONFIG_H'
DEFS='-DHAVE_CONFIG_H'
DSYMUTIL=''
ECHO='echo'
ECHO_C=''
ECHO_N='-n'
ECHO_T=''
EGREP='/bin/grep -E'
EXEEXT=''
GREP='/bin/grep'
LDFLAGS=' -lpthread'
LIBOBJS=''
LIBS=''
LIBTOOL='$(SHELL) $(top_builddir)/libtool'
LN_S='ln -s'
LTLIBOBJS=''
NMEDIT=''
OBJEXT='o'
PACKAGE_BUGREPORT=''
PACKAGE_NAME=''
PACKAGE_STRING=''
PACKAGE_TARNAME=''
PACKAGE_URL=''
PACKAGE_VERSION=''
PATH_SEPARATOR=':'
RANLIB='ranlib'
RE2C='exit 0;'
SED='/bin/sed'
SHELL='/bin/sh'
SHLIB_DL_SUFFIX_NAME='so'
SHLIB_SUFFIX_NAME='so'
STRIP='strip'
ac_ct_CC='cc'
bindir='${exec_prefix}/bin'
build='x86_64-unknown-linux-gnu'
build_alias=''
build_cpu='x86_64'
build_os='linux-gnu'
build_vendor='unknown'
datadir='${datarootdir}'
datarootdir='${prefix}/share'
docdir='${datarootdir}/doc/${PACKAGE}'
dvidir='${docdir}'
exec_prefix='$(prefix)'
host='x86_64-unknown-linux-gnu'
host_alias='x86_64-unknown-linux-gnu'
host_cpu='x86_64'
host_os='linux-gnu'
host_vendor='unknown'
htmldir='${docdir}'
includedir='${prefix}/include'
infodir='${datarootdir}/info'
libdir='${exec_prefix}/lib'
libexecdir='${exec_prefix}/libexec'
localedir='${datarootdir}/locale'
localstatedir='${prefix}/var'
mandir='${datarootdir}/man'
oldincludedir='/usr/include'
pdfdir='${docdir}'
prefix='/usr/local/php'
program_transform_name='s,x,x,'
psdir='${docdir}'
sbindir='${exec_prefix}/sbin'
sharedstatedir='${prefix}/com'
sysconfdir='${prefix}/etc'
target='x86_64-unknown-linux-gnu'
target_alias=''
target_cpu='x86_64'
target_os='linux-gnu'
target_vendor='unknown'

## ----------- ##
## confdefs.h. ##
## ----------- ##

/* confdefs.h */
#define PACKAGE_NAME ""
#define PACKAGE_TARNAME ""
#define PACKAGE_VERSION ""
#define PACKAGE_STRING ""
#define PACKAGE_BUGREPORT ""
#define PACKAGE_URL ""
#define HAVE_CPU_AFFINITY 1
#define HAVE_REUSEPORT 1
#define HAVE_CLOCK_GETTIME 1
#define HAVE_ACCEPT4 1
#define HAVE_SIGNALFD 1
#define HAVE_TIMERFD 1
#define HAVE_EVENTFD 1
#define HAVE_EPOLL 1
#define HAVE_POLL 1
#define HAVE_SENDFILE 1
#define HAVE_EXECINFO 1
#define HAVE_DAEMON 1
#define HAVE_MKOSTEMP 1
#define HAVE_INOTIFY 1
#define HAVE_INOTIFY_INIT1 1
#define HAVE_RWLOCK 1
#define HAVE_SPINLOCK 1
#define HAVE_MUTEX_TIMEDLOCK 1
#define HAVE_PTHREAD_BARRIER 1
#define HAVE_OPENSSL 1
#define HAVE_PCRE 1
#define SW_HAVE_ZLIB 1
#define COMPILE_DL_SWOOLE 1
#define STDC_HEADERS 1
#define HAVE_SYS_TYPES_H 1
#define HAVE_SYS_STAT_H 1
#define HAVE_STDLIB_H 1
#define HAVE_STRING_H 1
#define HAVE_MEMORY_H 1
#define HAVE_STRINGS_H 1
#define HAVE_INTTYPES_H 1
#define HAVE_STDINT_H 1
#define HAVE_UNISTD_H 1
#define HAVE_DLFCN_H 1

configure: exit 0
